Summery of the result
------------------------------------------
Equation: x2-5x+6
Initial Guess values:
A: -245.5
B: -244.5
Iterrations.....
-245	25
-244.75	-97.4375
-244.875	-36.2344
-244.938	-5.62109
-244.969	9.6875
-244.953	2.03516
-244.945	-1.79297
-244.949	0.121094
-244.947	-0.835938
-244.948	-0.359375
-244.949	-0.121094
-244.949	0
The one of root is : -244.949
Equation: x2-5x+6
Initial Guess values:
A: 244.5
B: 245.5
Iterrations.....
245	25
244.75	-97.4375
244.875	-36.2344
244.938	-5.62109
244.969	9.6875
244.953	2.03516
244.945	-1.79297
244.949	0.121094
244.947	-0.835938
244.948	-0.359375
244.949	-0.121094
244.949	0
The one of root is : 244.949
